<?xml version="1.0" encoding="UTF-8"?>
<!-- Generated by org.testng.reporters.JUnitXMLReporter -->
<testsuite ignored="0" hostname="PUN-NB-LE2J1QS" failures="1" tests="3" name="EveningBatchDemo" time="5.145" errors="0" timestamp="2022-05-17T19:58:32 IST">
  <testcase classname="testng.extendsreports.ExtendsReportsExample" name="verifyReport1" time="0.236"/>
  <testcase classname="testng.extendsreports.ExtendsReportsExample" name="verifyReport2" time="0.052">
    <failure type="java.lang.AssertionError" message="The following asserts failed:
	The Value should be match expected [Test] but found [Ganesh]">
      <![CDATA[java.lang.AssertionError: The following asserts failed:
The Value should be match expected [Test] but found [Ganesh]
at testng.extendsreports.ExtendsReportsExample.verifyReport2(ExtendsReportsExample.java:39)
at java.base/java.util.ArrayList.forEach(ArrayList.java:1541)
... Removed 28 stack frames]]>
    </failure>
  </testcase> <!-- verifyReport2 -->
  <testcase classname="testng.extendsreports.ExtendsReportsExample" name="verifyReport3" time="0.008"/>
</testsuite> <!-- EveningBatchDemo -->
